#
# There is insufficient memory for the Java Runtime Environment to continue.
# Native memory allocation (mmap) failed to map 264241152 bytes for G1 virtual space
# Possible reasons:
#   The system is out of physical RAM or swap space
#   The process is running with CompressedOops enabled, and the Java Heap may be blocking the growth of the native heap
# Possible solutions:
#   Reduce memory load on the system
#   Increase physical memory or swap space
#   Check if swap backing store is full
#   Decrease Java heap size (-Xmx/-Xms)
#   Decrease number of Java threads
#   Decrease Java thread stack sizes (-Xss)
#   Set larger code cache with -XX:ReservedCodeCacheSize=
#   JVM is running with Zero Based Compressed Oops mode in which the Java heap is
#     placed in the first 32GB address space. The Java Heap base address is the
#     maximum limit for the native heap growth. Please use -XX:HeapBaseMinAddress
#     to set the Java Heap base and to place the Java Heap above 32GB virtual address.
# This output file may be truncated or incomplete.
#
#  Out of Memory Error (./open/src/hotspot/os/windows/os_windows.cpp:3472), pid=18204, tid=2912
#
# JRE version:  (15.0.1+9) (build )
# Java VM: Java HotSpot(TM) 64-Bit Server VM (15.0.1+9-18, mixed mode, sharing, tiered, compressed oops, g1 gc, windows-amd64)
# No core dump will be written. Minidumps are not enabled by default on client versions of Windows
#

---------------  S U M M A R Y ------------

Command Line: org.jetbrains.kotlin.cli.jvm.K2JVMCompiler @F:\kotlin\CountryCity\data\build\20210902_10126788430589925437.compiler.options

Host: Intel(R) Core(TM) i5-10210U CPU @ 1.60GHz, 8 cores, 15G,  Windows 10 , 64 bit Build 19041 (10.0.19041.1)
Time: Thu Sep  2 22:03:57 2021 Беларусь (зима) elapsed time: 0.013000 seconds (0d 0h 0m 0s)

---------------  T H R E A D  ---------------

Current thread (0x000001ac25f5e900):  JavaThread "Unknown thread" [_thread_in_vm, id=2912, stack(0x0000003628100000,0x0000003628200000)]

Stack: [0x0000003628100000,0x0000003628200000]
Native frames: (J=compiled Java code, j=interpreted, Vv=VM code, C=native code)
V  [jvm.dll+0x62ae9a]
V  [jvm.dll+0x781389]
V  [jvm.dll+0x782ae3]
V  [jvm.dll+0x783143]
V  [jvm.dll+0x216265]
V  [jvm.dll+0x6281d9]
V  [jvm.dll+0x61cd15]
V  [jvm.dll+0x2d01fd]
V  [jvm.dll+0x2d0062]
V  [jvm.dll+0x2d603c]
V  [jvm.dll+0x325b2a]
V  [jvm.dll+0x3251f4]
V  [jvm.dll+0x2a717a]
V  [jvm.dll+0x2a8318]
V  [jvm.dll+0x75e101]
V  [jvm.dll+0x3343e4]
V  [jvm.dll+0x73e826]
V  [jvm.dll+0x3b7777]
V  [jvm.dll+0x3b9201]
C  [jli.dll+0x52fb]
C  [ucrtbase.dll+0x21542]
C  [KERNEL32.DLL+0x16fd4]
C  [ntdll.dll+0x4cf31]


---------------  P R O C E S S  ---------------

Threads class SMR info:
_java_thread_list=0x00007ff9efbd4ff0, length=0, elements={
}

Java Threads: ( => current thread )

Other Threads:
  0x000001ac25faecf0 GCTaskThread "GC Thread#0" [stack: 0x0000003628200000,0x0000003628300000] [id=16508]
  0x000001ac25fc2a10 ConcurrentGCThread "G1 Main Marker" [stack: 0x0000003628300000,0x0000003628400000] [id=17108]
  0x000001ac25fc3cb0 ConcurrentGCThread "G1 Conc#0" [stack: 0x0000003628400000,0x0000003628500000] [id=16584]

[error occurred during error reporting (printing all threads), id 0xc0000005, EXCEPTION_ACCESS_VIOLATION (0xc0000005) at pc=0x00007ff9ef3c8047]

VM state: not at safepoint (not fully initialized)

VM Mutex/Monitor currently owned by a thread:  ([mutex/lock_event])
[0x000001ac25f5baa0] Heap_lock - owner thread: 0x000001ac25f5e900

Heap address: 0x0000000704600000, size: 4026 MB, Compressed Oops mode: Zero based, Oop shift amount: 3
CDS archive(s) mapped at: [0x0000000000000000-0x0000000000000000-0x0000000000000000), size 0, SharedBaseAddress: 0x0000000800000000, ArchiveRelocationMode: 0.
Narrow klass base: 0x0000000000000000, Narrow klass shift: 0, Narrow klass range: 0x0

Heap:
 garbage-first heap   total 258048K, used 0K [0x0000000704600000, 0x0000000800000000)
  region size 2048K, 0 young (0K), 0 survivors (0K)
 Metaspace       used 0K, capacity 0K, committed 0K, reserved 0K
  class space    used 0K, capacity 0K, committed 0K, reserved 0K

Heap Regions: E=young(eden), S=young(survivor), O=old, HS=humongous(starts), HC=humongous(continues), CS=collection set, F=free, OA=open archive, CA=closed archive, TAMS=top-at-mark-start (previous, next)

Card table byte_map: [0x000001ac3dcb0000,0x000001ac3e490000] _byte_map_base: 0x000001ac3a48d000

Marking Bits (Prev, Next): (CMBitMap*) 0x000001ac25fb0480, (CMBitMap*) 0x000001ac25fb04c0
 Prev Bits: [0x000001ac3ec70000, 0x000001ac42b58000)
 Next Bits: [0x000001ac42b60000, 0x000001ac46a48000)

GC Heap History (0 events):
No events

Deoptimization events (0 events):
No events

Classes unloaded (0 events):
No events

Classes redefined (0 events):
No events

Internal exceptions (0 events):
No events

Events (1 events):
Event: 0.008 Loaded shared library C:\Program Files\Java\jdk-15.0.1\bin\java.dll


Dynamic libraries:
0x00007ff6b5a40000 - 0x00007ff6b5a4f000 	C:\Program Files\Java\jdk-15.0.1\bin\java.exe
0x00007ffa70510000 - 0x00007ffa70704000 	C:\Windows\SYSTEM32\ntdll.dll
0x00007ffa6f6b0000 - 0x00007ffa6f76d000 	C:\Windows\System32\KERNEL32.DLL
0x00007ffa6dd60000 - 0x00007ffa6e027000 	C:\Windows\System32\KERNELBASE.dll
0x00007ffa6e0e0000 - 0x00007ffa6e1e0000 	C:\Windows\System32\ucrtbase.dll
0x00007ffa3c620000 - 0x00007ffa3c638000 	C:\Program Files\Java\jdk-15.0.1\bin\jli.dll
0x00007ffa3cb50000 - 0x00007ffa3cb69000 	C:\Program Files\Java\jdk-15.0.1\bin\VCRUNTIME140.dll
0x00007ffa6fc60000 - 0x00007ffa6fd0a000 	C:\Windows\System32\ADVAPI32.dll
0x00007ffa6e650000 - 0x00007ffa6e6ee000 	C:\Windows\System32\msvcrt.dll
0x00007ffa6e7b0000 - 0x00007ffa6e84b000 	C:\Windows\System32\sechost.dll
0x00007ffa6fea0000 - 0x00007ffa6ffc3000 	C:\Windows\System32\RPCRT4.dll
0x00007ffa70330000 - 0x00007ffa704d0000 	C:\Windows\System32\USER32.dll
0x00007ffa6e1e0000 - 0x00007ffa6e202000 	C:\Windows\System32\win32u.dll
0x00007ffa58400000 - 0x00007ffa5869a000 	C:\Windows\WinSxS\amd64_microsoft.windows.common-controls_6595b64144ccf1df_6.0.19041.1_none_b555e41d4684ddec\COMCTL32.dll
0x00007ffa6fe70000 - 0x00007ffa6fe9a000 	C:\Windows\System32\GDI32.dll
0x00007ffa6e260000 - 0x00007ffa6e36a000 	C:\Windows\System32\gdi32full.dll
0x00007ffa6e4d0000 - 0x00007ffa6e56d000 	C:\Windows\System32\msvcp_win.dll
0x00007ffa64640000 - 0x00007ffa6464a000 	C:\Windows\SYSTEM32\VERSION.dll
0x00007ffa6fd70000 - 0x00007ffa6fda0000 	C:\Windows\System32\IMM32.DLL
0x00007ffa51830000 - 0x00007ffa5183c000 	C:\Program Files\Java\jdk-15.0.1\bin\vcruntime140_1.dll
0x00007ffa23210000 - 0x00007ffa232a1000 	C:\Program Files\Java\jdk-15.0.1\bin\msvcp140.dll
0x00007ff9ef110000 - 0x00007ff9efc6e000 	C:\Program Files\Java\jdk-15.0.1\bin\server\jvm.dll
0x00007ffa6e6f0000 - 0x00007ffa6e6f8000 	C:\Windows\System32\PSAPI.DLL
0x00007ffa66400000 - 0x00007ffa66409000 	C:\Windows\SYSTEM32\WSOCK32.dll
0x00007ffa58850000 - 0x00007ffa58877000 	C:\Windows\SYSTEM32\WINMM.dll
0x00007ffa6fda0000 - 0x00007ffa6fe0b000 	C:\Windows\System32\WS2_32.dll
0x00007ffa6c5b0000 - 0x00007ffa6c5c3000 	C:\Windows\SYSTEM32\kernel.appcore.dll
0x00007ffa4d9d0000 - 0x00007ffa4d9da000 	C:\Program Files\Java\jdk-15.0.1\bin\jimage.dll
0x00007ffa68a90000 - 0x00007ffa68c74000 	C:\Windows\SYSTEM32\DBGHELP.DLL
0x00007ffa487f0000 - 0x00007ffa4881c000 	C:\Windows\SYSTEM32\dbgcore.DLL
0x00007ffa6e060000 - 0x00007ffa6e0df000 	C:\Windows\System32\bcryptPrimitives.dll
0x00007ffa23d60000 - 0x00007ffa23d85000 	C:\Program Files\Java\jdk-15.0.1\bin\java.dll

dbghelp: loaded successfully - version: 4.0.5 - missing functions: none
symbol engine: initialized successfully - sym options: 0x614 - pdb path: .;C:\Program Files\Java\jdk-15.0.1\bin;C:\Windows\SYSTEM32;C:\Windows\WinSxS\amd64_microsoft.windows.common-controls_6595b64144ccf1df_6.0.19041.1_none_b555e41d4684ddec;C:\Program Files\Java\jdk-15.0.1\bin\server

VM Arguments:
java_command: org.jetbrains.kotlin.cli.jvm.K2JVMCompiler @F:\kotlin\CountryCity\data\build\20210902_10126788430589925437.compiler.options
java_class_path (initial): F:\kotlin\caches\modules-2\files-2.1\org.jetbrains.kotlin\kotlin-compiler-embeddable\1.5.20\1900e8b9aca0a9caffd45b99b36e3720a0a284f8\kotlin-compiler-embeddable-1.5.20.jar;F:\kotlin\caches\modules-2\files-2.1\org.jetbrains.kotlin\kotlin-reflect\1.5.20\63810951f09a27f7827977f1bc21094042a915e\kotlin-reflect-1.5.20.jar;F:\kotlin\caches\modules-2\files-2.1\org.jetbrains.kotlin\kotlin-stdlib\1.5.20\9de35cc611bcecec8edce1d56d8e659953806751\kotlin-stdlib-1.5.20.jar;F:\kotlin\caches\modules-2\files-2.1\org.jetbrains.kotlin\kotlin-script-runtime\1.5.20\4381bb58d37b84d4d1afe55ec35542dd9b77e101\kotlin-script-runtime-1.5.20.jar;F:\kotlin\caches\modules-2\files-2.1\org.jetbrains.kotlin\kotlin-daemon-embeddable\1.5.20\36c38cda019834dcd2959cc33a12768adcd94256\kotlin-daemon-embeddable-1.5.20.jar;F:\kotlin\caches\modules-2\files-2.1\org.jetbrains.intellij.deps\trove4j\1.0.20181211\216c2e14b070f334479d800987affe4054cd563f\trove4j-1.0.20181211.jar;F:\kotlin\caches\modules-2\files-2.1\org.jetbrains\annotations\13.0\919f0dfe192fb4e063e7dacadee7f8bb9a2672a9\annotations-13.0.jar;F:\kotlin\caches\modules-2\files-2.1\org.jetbrains.kotlin\kotlin-stdlib-common\1.5.20\3d79dbd48bf605f4aac1e7028981a1953e245cbb\kotlin-stdlib-common-1.5.20.jar
Launcher Type: SUN_STANDARD

[Global flags]
     intx CICompilerCount                          = 4                                         {product} {ergonomic}
     uint ConcGCThreads                            = 2                                         {product} {ergonomic}
     uint G1ConcRefinementThreads                  = 8                                         {product} {ergonomic}
   size_t G1HeapRegionSize                         = 2097152                                   {product} {ergonomic}
    uintx GCDrainStackTargetSize                   = 64                                        {product} {ergonomic}
   size_t InitialHeapSize                          = 264241152                                 {product} {ergonomic}
   size_t MarkStackSize                            = 4194304                                   {product} {ergonomic}
   size_t MaxHeapSize                              = 4221566976                                {product} {ergonomic}
   size_t MinHeapDeltaBytes                        = 2097152                                   {product} {ergonomic}
   size_t MinHeapSize                              = 8388608                                   {product} {ergonomic}
    uintx NonNMethodCodeHeapSize                   = 5839372                                {pd product} {ergonomic}
    uintx NonProfiledCodeHeapSize                  = 122909434                              {pd product} {ergonomic}
    uintx ProfiledCodeHeapSize                     = 122909434                              {pd product} {ergonomic}
    uintx ReservedCodeCacheSize                    = 251658240                              {pd product} {ergonomic}
     bool SegmentedCodeCache                       = true                                      {product} {ergonomic}
   size_t SoftMaxHeapSize                          = 4221566976                             {manageable} {ergonomic}
     bool UseCompressedClassPointers               = true                                 {lp64_product} {ergonomic}
     bool UseCompressedOops                        = true                                 {lp64_product} {ergonomic}
     bool UseG1GC                                  = true                                      {product} {ergonomic}
     bool UseLargePagesIndividualAllocation        = false                                  {pd product} {ergonomic}

Logging:
Log output configuration:
 #0: stdout all=warning uptime,level,tags
 #1: stderr all=off uptime,level,tags

Environment Variables:
JAVA_HOME=C:\Program Files\Java\jdk-15.0.1
PATH=C:\Windows\system32;C:\Windows;C:\Windows\System32\Wbem;C:\Windows\System32\WindowsPowerShell\v1.0\;C:\Windows\System32\OpenSSH\;C:\Program Files (x86)\NVIDIA Corporation\PhysX\Common;C:\Program Files\NVIDIA Corporation\NVIDIA NvDLISR;C:\Program Files\Git\cmd;C:\Program Files\Java\jdk-15.0.1\bin;C:\Users\Администратор\AppData\Local\Microsoft\WindowsApps;
USERNAME=Администратор
OS=Windows_NT
PROCESSOR_IDENTIFIER=Intel64 Family 6 Model 142 Stepping 12, GenuineIntel



---------------  S Y S T E M  ---------------

OS:
 Windows 10 , 64 bit Build 19041 (10.0.19041.1)
OS uptime: 0 days 8:29 hours

CPU: total 8 (initial active 8) (4 cores per cpu, 2 threads per core) family 6 model 142 stepping 12 microcode 0xc6, cmov, cx8, fxsr, mmx, sse, sse2, sse3, ssse3, sse4.1, sse4.2, popcnt, vzeroupper, avx, avx2, aes, clmul, erms, 3dnowpref, lzcnt, ht, tsc, tscinvbit, bmi1, bmi2, adx, fma, clflush, clflushopt

Memory: 4k page, system-wide physical 16100M (2448M free)
TotalPageFile size 16100M (AvailPageFile size 140M)
current process WorkingSet (physical memory assigned to process): 10M, peak: 10M
current process commit charge ("private bytes"): 60M, peak: 312M

vm_info: Java HotSpot(TM) 64-Bit Server VM (15.0.1+9-18) for windows-amd64 JRE (15.0.1+9-18), built on Sep 15 2020 14:43:54 by "mach5one" with unknown MS VC++:1925

END.
